<?xml version="1.0" encoding="UTF-8"?>
<!-- Generated by org.testng.reporters.JUnitXMLReporter -->
<testsuite ignored="0" hostname="DESKTOP-2GLBG32" failures="0" tests="13" name="Default test" time="25.792" errors="0" timestamp="2023-09-26T23:01:33 GMT-04:00">
  <testcase classname="module1.Array" name="ArraysUsingListClick" time="0.74"/>
  <testcase classname="module1.Array" name="TryHereArraysUsingList" time="1.755"/>
  <testcase classname="module1.Array" name="clickdrpdownArray" time="0.599"/>
  <testcase classname="module1.Array" name="ArrayPage" time="1.236"/>
  <testcase classname="module1.Array" name="TryHereLinkArrayInPython" time="0.631"/>
  <testcase classname="module1.Array" name="BasicOperationListClick" time="0.482"/>
  <testcase classname="module1.Array" name="TryHereBasicOperationList" time="0.633"/>
  <testcase classname="module1.Array" name="ApplicationOfArrayClick" time="0.619"/>
  <testcase classname="module1.Array" name="TryHereApplicationOfArray" time="0.571"/>
  <testcase classname="module1.Array" name="SearchTheArray" time="0.932"/>
  <testcase classname="module1.Array" name="MaxConsecutiveOnes" time="0.652"/>
  <testcase classname="module1.Array" name="FindNumberWithEvenNumber" time="0.769"/>
  <testcase classname="module1.Array" name="SquaresOfSortedArray" time="0.699"/>
</testsuite> <!-- Default test -->
