<?xml version="1.0" encoding="UTF-8"?>
<!-- Generated by org.testng.reporters.JUnitXMLReporter -->
<testsuite ignored="0" hostname="DESKTOP-08EDGK2" failures="0" tests="14" name="Default test" time="17.836" errors="0" timestamp="2023-09-29T15:12:47 EDT">
  <testcase classname="module1.Array" name="ArraysUsingListClick" time="0.523"/>
  <testcase classname="module1.Array" name="TryHereArraysUsingList" time="1.645"/>
  <testcase classname="module1.Array" name="clickdrpdownArray" time="0.681"/>
  <testcase classname="module1.Array" name="ArrayPage" time="0.604"/>
  <testcase classname="module1.Array" name="TryHereLinkArrayInPython" time="0.657"/>
  <testcase classname="module1.Array" name="BasicOperationListClick" time="0.484"/>
  <testcase classname="module1.Array" name="TryHereBasicOperationList" time="0.553"/>
  <testcase classname="module1.Array" name="ApplicationOfArrayClick" time="0.424"/>
  <testcase classname="module1.Array" name="TryHereApplicationOfArray" time="0.904"/>
  <testcase classname="module1.Array" name="PracticeQuestions" time="0.419"/>
  <testcase classname="module1.Array" name="SearchTheArray" time="0.555"/>
  <testcase classname="module1.Array" name="MaxConsecutiveOnes" time="0.506"/>
  <testcase classname="module1.Array" name="FindNumberWithEvenNumber" time="0.408"/>
  <testcase classname="module1.Array" name="SquaresOfSortedArray" time="0.41"/>
</testsuite> <!-- Default test -->
